batch_i 3 loss 3.8766579627990723
batch_i 4 loss 3.7655742168426514
batch_i 5 loss 3.6661343574523926
batch_i 6 loss 3.2706336975097656
batch_i 7 loss 3.2453582286834717
batch_i 8 loss 3.245124340057373
batch_i 9 loss 3.2606122493743896
batch_i 310 loss 3.209981918334961
batch_i 311 loss 3.280987024307251
batch_i 312 loss 3.1746416091918945
batch_i 313 loss 3.2795727252960205
batch_i 314 loss 3.208200693130493
batch_i 315 loss 3.117462635040283
batch_i 316 loss 3.2285475730895996
batch_i 317 loss 3.136568069458008
batch_i 318 loss 3.1188395023345947
batch_i 319 loss 3.084083080291748
batch_i 320 loss 3.1226890087127686
batch_i 321 loss 2.9975333213806152
batch_i 322 loss 2.9947943687438965
batch_i 323 loss 3.07299542427063
batch_i 324 loss 3.088096857070923
batch_i 325 loss 3.0255165100097656
batch_i 326 loss 2.975233554840088
batch_i 327 loss 2.9130098819732666
batch_i 328 loss 2.9380221366882324
batch_i 329 loss 2.9041712284088135
batch_i 330 loss 2.982578754425049
batch_i 331 loss 2.982032299041748
batch_i 332 loss 3.011845588684082
batch_i 333 loss 2.953932046890259
batch_i 334 loss 2.919532299041748
batch_i 335 loss 2.936610460281372
batch_i 336 loss 2.935189962387085
batch_i 337 loss 2.8721354007720947
batch_i 338 loss 2.9610838890075684
batch_i 339 loss 2.892361879348755
batch_i 340 loss 2.9992711544036865
batch_i 341 loss 2.8976683616638184
batch_i 342 loss 2.904083490371704
batch_i 343 loss 2.969388723373413
batch_i 344 loss 2.9105100631713867
batch_i 345 loss 2.8069796562194824
batch_i 346 loss 2.853862762451172
batch_i 347 loss 2.794001340866089
batch_i 348 loss 2.8434977531433105
batch_i 349 loss 2.8690876960754395
batch_i 350 loss 2.818505048751831
batch_i 350 num_playouts 1000 win 9 lose 1 tie 0
batch_i 351 loss 2.8299503326416016
batch_i 352 loss 2.756565570831299
batch_i 353 loss 2.8381237983703613
batch_i 354 loss 2.717027187347412
batch_i 355 loss 2.801696538925171
batch_i 356 loss 2.7678985595703125
batch_i 357 loss 2.758594274520874
batch_i 358 loss 2.783191680908203
batch_i 359 loss 2.792111873626709
batch_i 360 loss 2.9121923446655273
batch_i 361 loss 2.8353843688964844
batch_i 362 loss 2.82055926322937
batch_i 363 loss 2.704545497894287
batch_i 364 loss 2.8497374057769775
batch_i 365 loss 2.8470311164855957
batch_i 366 loss 2.8950626850128174
batch_i 367 loss 2.9156925678253174
batch_i 368 loss 2.8080248832702637
batch_i 369 loss 2.8906655311584473
batch_i 370 loss 2.833200693130493
batch_i 371 loss 2.7861523628234863
batch_i 372 loss 2.9006032943725586
batch_i 373 loss 2.808276414871216
batch_i 374 loss 2.727405071258545
batch_i 375 loss 2.795145273208618
batch_i 376 loss 2.8838953971862793
batch_i 377 loss 2.7085471153259277
batch_i 378 loss 2.8157920837402344
batch_i 379 loss 2.872720241546631
batch_i 380 loss 2.7052969932556152
batch_i 381 loss 2.9053144454956055
batch_i 382 loss 2.8508338928222656
batch_i 383 loss 2.814296245574951
batch_i 384 loss 2.9090137481689453
batch_i 385 loss 2.891420364379883
batch_i 386 loss 2.793123960494995
batch_i 387 loss 2.864335775375366
batch_i 388 loss 2.9324522018432617
batch_i 389 loss 2.877041816711426
batch_i 390 loss 2.9399449825286865
batch_i 391 loss 3.0344014167785645
batch_i 392 loss 2.884032726287842
batch_i 393 loss 2.9576640129089355
batch_i 394 loss 3.076526403427124
batch_i 395 loss 2.911134958267212
batch_i 396 loss 2.909487247467041
batch_i 397 loss 2.8859410285949707
batch_i 398 loss 2.8556182384490967
batch_i 399 loss 2.8273255825042725
batch_i 400 loss 2.809084892272949
batch_i 400 num_playouts 1000 win 9 lose 1 tie 0
batch_i 401 loss 2.9170446395874023
batch_i 402 loss 2.8569576740264893
batch_i 403 loss 2.8482511043548584
batch_i 404 loss 2.854543685913086
batch_i 405 loss 2.839806318283081
batch_i 406 loss 2.968717098236084
batch_i 407 loss 2.8368053436279297
batch_i 408 loss 2.761092185974121
batch_i 409 loss 2.9700284004211426
batch_i 410 loss 2.960561990737915
batch_i 411 loss 2.9549927711486816
batch_i 412 loss 2.974879741668701
batch_i 413 loss 2.9140429496765137
batch_i 414 loss 2.915005922317505
batch_i 415 loss 2.8521981239318848
batch_i 416 loss 2.845278739929199
batch_i 417 loss 2.931502103805542
batch_i 418 loss 2.875025987625122
batch_i 419 loss 2.915571451187134
batch_i 420 loss 2.8904359340667725
batch_i 421 loss 2.846430778503418
batch_i 422 loss 2.9214375019073486
batch_i 423 loss 2.7940025329589844
batch_i 424 loss 2.8791663646698
batch_i 425 loss 2.767685890197754
batch_i 426 loss 2.9042046070098877
batch_i 427 loss 2.886615037918091
batch_i 428 loss 2.8126378059387207
batch_i 429 loss 2.7115323543548584
batch_i 430 loss 2.818161725997925
batch_i 431 loss 2.7799339294433594
batch_i 432 loss 2.7762486934661865
batch_i 433 loss 2.7737245559692383
batch_i 434 loss 2.79376482963562
batch_i 435 loss 2.802497625350952
batch_i 436 loss 2.787980079650879
batch_i 437 loss 2.803239583969116
batch_i 438 loss 2.827889919281006
batch_i 439 loss 2.7976720333099365
batch_i 440 loss 2.7588114738464355
batch_i 441 loss 2.75602388381958
batch_i 442 loss 2.741818904876709
batch_i 443 loss 2.7966082096099854
batch_i 444 loss 2.7099716663360596
batch_i 445 loss 2.827057123184204
batch_i 446 loss 2.7593724727630615
batch_i 447 loss 2.7311620712280273
batch_i 448 loss 2.755392074584961
batch_i 449 loss 2.7202517986297607
batch_i 450 loss 2.706167697906494
batch_i 450 num_playouts 1000 win 9 lose 1 tie 0
batch_i 451 loss 2.7676146030426025
batch_i 452 loss 2.7933316230773926
batch_i 453 loss 2.8296375274658203
batch_i 454 loss 2.836271286010742
batch_i 455 loss 2.8435258865356445
batch_i 456 loss 2.692136764526367
batch_i 457 loss 2.751166820526123
batch_i 458 loss 2.699204921722412
batch_i 459 loss 2.74556565284729
batch_i 460 loss 2.8086204528808594
batch_i 461 loss 2.769082546234131
batch_i 462 loss 2.6735289096832275
batch_i 463 loss 2.752730131149292
batch_i 464 loss 2.7771449089050293
batch_i 465 loss 2.769679069519043
batch_i 466 loss 2.8565752506256104
batch_i 467 loss 2.7494723796844482
batch_i 468 loss 2.75231671333313
batch_i 469 loss 2.6883652210235596
batch_i 470 loss 2.817030906677246
batch_i 471 loss 2.70021915435791
batch_i 472 loss 2.700596809387207
batch_i 473 loss 2.7724297046661377
batch_i 474 loss 2.696864128112793
batch_i 475 loss 2.6656088829040527
batch_i 476 loss 2.820150136947632
batch_i 477 loss 2.714920997619629
batch_i 478 loss 2.6166300773620605
batch_i 479 loss 2.6768949031829834
batch_i 480 loss 2.662959098815918
batch_i 481 loss 2.6887502670288086
batch_i 482 loss 2.697474718093872
batch_i 483 loss 2.6441309452056885
batch_i 484 loss 2.5878541469573975
batch_i 485 loss 2.622178554534912
batch_i 486 loss 2.613804340362549
batch_i 487 loss 2.6969950199127197
batch_i 488 loss 2.594143867492676
batch_i 489 loss 2.70253849029541
batch_i 490 loss 2.6627135276794434
batch_i 491 loss 2.6267356872558594
batch_i 492 loss 2.5995728969573975
batch_i 493 loss 2.600538969039917
batch_i 494 loss 2.5317821502685547
batch_i 495 loss 2.598665714263916
batch_i 496 loss 2.5316410064697266
batch_i 497 loss 2.6473984718322754
batch_i 498 loss 2.765166997909546
batch_i 499 loss 2.6934118270874023
batch_i 500 loss 2.459599494934082
batch_i 500 num_playouts 1000 win 10 lose 0 tie 0
batch_i 501 loss 2.6339876651763916
batch_i 502 loss 2.663041830062866
batch_i 503 loss 2.6804139614105225
batch_i 504 loss 2.6979711055755615
batch_i 505 loss 2.6917223930358887
batch_i 506 loss 2.618514060974121
batch_i 507 loss 2.5825936794281006
batch_i 508 loss 2.5864508152008057
batch_i 509 loss 2.714092969894409
batch_i 510 loss 2.643855094909668
batch_i 511 loss 2.6679205894470215
batch_i 512 loss 2.7591323852539062
batch_i 513 loss 2.6564574241638184
batch_i 514 loss 2.698923349380493
batch_i 515 loss 2.7383320331573486
batch_i 516 loss 2.6034390926361084
batch_i 517 loss 2.644956588745117
batch_i 518 loss 2.7143561840057373
batch_i 519 loss 2.751239538192749
batch_i 520 loss 2.6838321685791016
batch_i 521 loss 2.722630500793457
batch_i 522 loss 2.588163375854492
batch_i 523 loss 2.5902421474456787
batch_i 524 loss 2.790367841720581
batch_i 525 loss 2.6965222358703613
batch_i 526 loss 2.689894437789917
batch_i 527 loss 2.663943290710449
batch_i 528 loss 2.7577507495880127
batch_i 529 loss 2.720585823059082
batch_i 530 loss 2.666233539581299
batch_i 531 loss 2.6364586353302
batch_i 532 loss 2.6454739570617676
batch_i 533 loss 2.644552707672119
batch_i 534 loss 2.688929796218872
batch_i 535 loss 2.5703649520874023
batch_i 536 loss 2.622035026550293
batch_i 537 loss 2.64380145072937
batch_i 538 loss 2.5654220581054688
batch_i 539 loss 2.6069514751434326
batch_i 540 loss 2.628093719482422
batch_i 541 loss 2.5458507537841797
batch_i 542 loss 2.681197166442871
batch_i 543 loss 2.669796943664551
batch_i 544 loss 2.5376832485198975
batch_i 545 loss 2.489292860031128
batch_i 546 loss 2.6155755519866943
batch_i 547 loss 2.521266222000122
batch_i 548 loss 2.672315835952759
batch_i 549 loss 2.5511250495910645
batch_i 550 loss 2.5403454303741455
batch_i 550 num_playouts 1000 win 10 lose 0 tie 0
batch_i 551 loss 2.5169432163238525
batch_i 552 loss 2.5654759407043457
batch_i 553 loss 2.571714162826538
batch_i 554 loss 2.4957823753356934
batch_i 555 loss 2.5603127479553223
batch_i 556 loss 2.652988910675049
batch_i 557 loss 2.709721803665161
batch_i 558 loss 2.5939221382141113
batch_i 559 loss 2.779615879058838
batch_i 560 loss 2.759692668914795
batch_i 561 loss 2.8000121116638184
batch_i 562 loss 2.5767710208892822
batch_i 563 loss 2.7631988525390625
batch_i 564 loss 2.659848213195801
batch_i 565 loss 2.593043804168701
batch_i 566 loss 2.676065444946289
batch_i 567 loss 2.7443721294403076
batch_i 568 loss 2.655769109725952
batch_i 569 loss 2.6140992641448975
batch_i 570 loss 2.6985514163970947
batch_i 571 loss 2.622070789337158
batch_i 572 loss 2.510377883911133
batch_i 573 loss 2.728891372680664
batch_i 574 loss 2.612450361251831
batch_i 575 loss 2.6528730392456055
batch_i 576 loss 2.6302289962768555
batch_i 577 loss 2.7473533153533936
batch_i 578 loss 2.5841896533966064
batch_i 579 loss 2.604675769805908
batch_i 580 loss 2.69150710105896
batch_i 581 loss 2.6575331687927246
batch_i 582 loss 2.688671827316284
batch_i 583 loss 2.6337594985961914
batch_i 584 loss 2.618934154510498
batch_i 585 loss 2.633967638015747
batch_i 586 loss 2.6126596927642822
batch_i 587 loss 2.617079019546509
batch_i 588 loss 2.5921902656555176
batch_i 589 loss 2.603316068649292
batch_i 590 loss 2.670870542526245
batch_i 591 loss 2.785891056060791
batch_i 592 loss 2.658233642578125
batch_i 593 loss 2.6193439960479736
batch_i 594 loss 2.5254175662994385
batch_i 595 loss 2.7272789478302
batch_i 596 loss 2.6225528717041016
batch_i 597 loss 2.583249092102051
batch_i 598 loss 2.6828529834747314
batch_i 599 loss 2.6933345794677734
batch_i 600 loss 2.708301305770874
batch_i 600 num_playouts 2000 win 10 lose 0 tie 0
batch_i 601 loss 2.7115044593811035
batch_i 602 loss 2.729780435562134
batch_i 603 loss 2.7183175086975098
batch_i 604 loss 2.6798973083496094
batch_i 605 loss 2.711374282836914
batch_i 606 loss 2.7762441635131836
batch_i 607 loss 2.72645902633667
batch_i 608 loss 2.620016098022461
batch_i 609 loss 2.5855846405029297
batch_i 610 loss 2.645591974258423
batch_i 611 loss 2.72286319732666
batch_i 612 loss 2.8413960933685303
batch_i 613 loss 2.6862852573394775
batch_i 614 loss 2.660337448120117
batch_i 615 loss 2.750304937362671
batch_i 616 loss 2.7541260719299316
batch_i 617 loss 2.635464668273926
batch_i 618 loss 2.703958034515381
batch_i 619 loss 2.6758270263671875
batch_i 620 loss 2.6345767974853516
batch_i 621 loss 2.7974438667297363
batch_i 622 loss 2.7151496410369873
batch_i 623 loss 2.731096029281616
batch_i 624 loss 2.712512493133545
batch_i 625 loss 2.8828232288360596
batch_i 626 loss 2.756509780883789
batch_i 627 loss 2.8135695457458496
batch_i 628 loss 2.7630276679992676
batch_i 629 loss 2.7673792839050293
batch_i 630 loss 2.8085296154022217
batch_i 631 loss 2.831364631652832
batch_i 632 loss 2.7849819660186768
batch_i 633 loss 2.745575428009033
batch_i 634 loss 2.679948091506958
batch_i 635 loss 2.771541118621826
batch_i 636 loss 2.6828715801239014
batch_i 637 loss 2.7712643146514893
batch_i 638 loss 2.8471920490264893
batch_i 639 loss 2.7309155464172363
batch_i 640 loss 2.6660232543945312
batch_i 641 loss 2.890134811401367
batch_i 642 loss 2.7153804302215576
batch_i 643 loss 2.680311441421509
batch_i 644 loss 2.6836307048797607
batch_i 645 loss 2.8096415996551514
batch_i 646 loss 2.7553470134735107
batch_i 647 loss 2.7739834785461426
batch_i 648 loss 2.8636012077331543
batch_i 649 loss 2.770646572113037
batch_i 650 loss 2.701427936553955
