batch_i 2 loss 5.375340938568115
batch_i 3 loss 5.221084117889404
batch_i 4 loss 5.206807613372803
batch_i 5 loss 5.409542083740234
batch_i 6 loss 4.896851539611816
batch_i 7 loss 4.983978748321533
batch_i 8 loss 5.11090087890625
batch_i 9 loss 4.992302417755127
batch_i 10 loss 4.978379249572754
batch_i 11 loss 4.842290878295898
batch_i 12 loss 4.766842365264893
batch_i 13 loss 4.570875644683838
batch_i 14 loss 4.7196197509765625
batch_i 15 loss 4.536904335021973
batch_i 16 loss 4.485603332519531
batch_i 17 loss 4.42873477935791
batch_i 18 loss 4.294183731079102
batch_i 19 loss 4.462878704071045
batch_i 20 loss 4.340902328491211
batch_i 21 loss 4.390044689178467
batch_i 22 loss 4.252490997314453
batch_i 23 loss 4.24338436126709
batch_i 24 loss 4.225877285003662
batch_i 25 loss 4.158560752868652
batch_i 26 loss 4.178525447845459
batch_i 27 loss 4.1941022872924805
batch_i 28 loss 4.236597537994385
batch_i 29 loss 4.297119140625
batch_i 30 loss 4.316720962524414
batch_i 31 loss 4.251797199249268
batch_i 32 loss 4.325999736785889
batch_i 33 loss 4.296693325042725
batch_i 34 loss 4.312989234924316
batch_i 35 loss 4.246131896972656
batch_i 36 loss 4.1815924644470215
batch_i 37 loss 4.1907830238342285
batch_i 38 loss 4.16084623336792
batch_i 39 loss 4.092414379119873
batch_i 40 loss 4.007234573364258
batch_i 41 loss 4.008062362670898
batch_i 42 loss 4.055484294891357
batch_i 43 loss 4.062193870544434
batch_i 44 loss 3.98590350151062
batch_i 45 loss 4.074436187744141
batch_i 46 loss 4.004343509674072
batch_i 47 loss 4.089858055114746
batch_i 48 loss 3.9776880741119385
batch_i 49 loss 4.054549217224121
batch_i 50 loss 3.981102228164673
batch_i 50 num_playouts 300 win 4 lose 6 tie 0
batch_i 51 loss 3.937811851501465
batch_i 52 loss 3.9788906574249268
batch_i 53 loss 3.9477758407592773
batch_i 54 loss 3.9474239349365234
batch_i 55 loss 3.9004459381103516
batch_i 56 loss 3.8677761554718018
batch_i 57 loss 3.841761350631714
batch_i 58 loss 3.8893420696258545
batch_i 59 loss 3.9751923084259033
batch_i 60 loss 4.052370071411133
batch_i 61 loss 3.931331157684326
batch_i 62 loss 3.984096050262451
batch_i 63 loss 3.945343494415283
batch_i 64 loss 4.009625434875488
batch_i 65 loss 3.9281575679779053
batch_i 66 loss 3.874857187271118
batch_i 67 loss 4.002138614654541
batch_i 68 loss 3.925314426422119
batch_i 69 loss 4.005073547363281
batch_i 70 loss 3.9590680599212646
batch_i 71 loss 3.872325897216797
batch_i 72 loss 3.9226508140563965
batch_i 73 loss 3.904766082763672
batch_i 74 loss 3.975562810897827
batch_i 75 loss 3.8308115005493164
batch_i 76 loss 4.0022501945495605
batch_i 77 loss 3.9241764545440674
batch_i 78 loss 3.8701236248016357
batch_i 79 loss 3.8250136375427246
batch_i 80 loss 4.011401176452637
batch_i 81 loss 3.896397590637207
batch_i 82 loss 3.869429111480713
batch_i 83 loss 3.8479394912719727
batch_i 84 loss 3.816739082336426
batch_i 85 loss 3.747032642364502
batch_i 86 loss 3.7780356407165527
batch_i 87 loss 3.8010005950927734
batch_i 88 loss 3.7943663597106934
batch_i 89 loss 3.8418521881103516
batch_i 90 loss 3.6640255451202393
batch_i 91 loss 3.7559759616851807
batch_i 92 loss 3.68938946723938
batch_i 93 loss 3.6993818283081055
batch_i 94 loss 3.6897313594818115
batch_i 95 loss 3.703558921813965
batch_i 96 loss 3.7134227752685547
batch_i 97 loss 3.5782828330993652
batch_i 98 loss 3.730522632598877
batch_i 99 loss 3.7424042224884033
batch_i 100 loss 3.573643207550049
batch_i 100 num_playouts 300 win 7 lose 3 tie 0
batch_i 101 loss 3.638947010040283
batch_i 102 loss 3.590710163116455
batch_i 103 loss 3.669219970703125
batch_i 104 loss 3.567469835281372
batch_i 105 loss 3.6484334468841553
batch_i 106 loss 3.647484302520752
batch_i 107 loss 3.6157987117767334
batch_i 108 loss 3.5606167316436768
batch_i 109 loss 3.523313045501709
batch_i 110 loss 3.5567362308502197
batch_i 111 loss 3.6041440963745117
batch_i 112 loss 3.502678871154785
batch_i 113 loss 3.543166160583496
batch_i 114 loss 3.483022928237915
batch_i 115 loss 3.522382974624634
batch_i 116 loss 3.535214424133301
batch_i 117 loss 3.5522289276123047
batch_i 118 loss 3.709364414215088
batch_i 119 loss 3.616457223892212
batch_i 120 loss 3.508796215057373
batch_i 121 loss 3.575066566467285
batch_i 122 loss 3.500903844833374
batch_i 123 loss 3.53228759765625
batch_i 124 loss 3.4660778045654297
batch_i 125 loss 3.4841883182525635
batch_i 126 loss 3.5050415992736816
batch_i 127 loss 3.5186727046966553
batch_i 128 loss 3.49206805229187
batch_i 129 loss 3.5949857234954834
batch_i 130 loss 3.533668279647827
batch_i 131 loss 3.5555057525634766
batch_i 132 loss 3.5895988941192627
batch_i 133 loss 3.590296745300293
batch_i 134 loss 3.586193084716797
batch_i 135 loss 3.6167874336242676
batch_i 136 loss 3.535223960876465
batch_i 137 loss 3.588102102279663
batch_i 138 loss 3.574488401412964
batch_i 139 loss 3.6472883224487305
batch_i 140 loss 3.614199638366699
batch_i 141 loss 3.555969476699829
batch_i 142 loss 3.579061269760132
batch_i 143 loss 3.6265270709991455
batch_i 144 loss 3.53786563873291
batch_i 145 loss 3.5992541313171387
batch_i 146 loss 3.554274559020996
batch_i 147 loss 3.6594161987304688
batch_i 148 loss 3.515162467956543
batch_i 149 loss 3.5607306957244873
batch_i 150 loss 3.548450231552124
batch_i 150 num_playouts 300 win 6 lose 4 tie 0
batch_i 151 loss 3.5333101749420166
batch_i 152 loss 3.7251172065734863
batch_i 153 loss 3.592978000640869
batch_i 154 loss 3.562622547149658
batch_i 155 loss 3.5396907329559326
batch_i 156 loss 3.6729345321655273
batch_i 157 loss 3.493037223815918
batch_i 158 loss 3.5816314220428467
batch_i 159 loss 3.5706725120544434
batch_i 160 loss 3.573253870010376
batch_i 161 loss 3.4841384887695312
batch_i 162 loss 3.6315579414367676
batch_i 163 loss 3.662942409515381
batch_i 164 loss 3.561797618865967
batch_i 165 loss 3.543118476867676
batch_i 166 loss 3.50311017036438
batch_i 167 loss 3.596714496612549
batch_i 168 loss 3.643026828765869
batch_i 169 loss 3.685600519180298
batch_i 170 loss 3.523547649383545
batch_i 171 loss 3.516075849533081
batch_i 172 loss 3.5922443866729736
batch_i 173 loss 3.54166841506958
batch_i 174 loss 3.5757994651794434
batch_i 175 loss 3.5820491313934326
batch_i 176 loss 3.4786128997802734
batch_i 177 loss 3.543031930923462
batch_i 178 loss 3.5221705436706543
batch_i 179 loss 3.48897647857666
batch_i 180 loss 3.395576238632202
batch_i 181 loss 3.51920485496521
batch_i 182 loss 3.557664632797241
batch_i 183 loss 3.4562270641326904
batch_i 184 loss 3.575070858001709
batch_i 185 loss 3.5125300884246826
batch_i 186 loss 3.4876084327697754
batch_i 187 loss 3.5464048385620117
batch_i 188 loss 3.494925022125244
batch_i 189 loss 3.560490131378174
batch_i 190 loss 3.535416841506958
batch_i 191 loss 3.4510717391967773
batch_i 192 loss 3.502958059310913
batch_i 193 loss 3.5686488151550293
batch_i 194 loss 3.560046672821045
batch_i 195 loss 3.5398597717285156
batch_i 196 loss 3.5938267707824707
batch_i 197 loss 3.496830940246582
batch_i 198 loss 3.559203863143921
batch_i 199 loss 3.5928988456726074
batch_i 200 loss 3.554839849472046
batch_i 200 num_playouts 300 win 10 lose 0 tie 0
batch_i 201 loss 3.5557405948638916
batch_i 202 loss 3.522052764892578
batch_i 203 loss 3.561403512954712
batch_i 204 loss 3.488401412963867
batch_i 205 loss 3.4596879482269287
batch_i 206 loss 3.3956351280212402
batch_i 207 loss 3.4892351627349854
batch_i 208 loss 3.4287185668945312
batch_i 209 loss 3.3578386306762695
batch_i 210 loss 3.4178051948547363
batch_i 211 loss 3.3548803329467773
batch_i 212 loss 3.432976245880127
batch_i 213 loss 3.481889247894287
batch_i 214 loss 3.459857702255249
batch_i 215 loss 3.541553497314453
batch_i 216 loss 3.4988272190093994
batch_i 217 loss 3.5369157791137695
batch_i 218 loss 3.3704609870910645
batch_i 219 loss 3.4155189990997314
batch_i 220 loss 3.427067756652832
batch_i 221 loss 3.4035909175872803
batch_i 222 loss 3.423050880432129
batch_i 223 loss 3.429795980453491
batch_i 224 loss 3.3781521320343018
batch_i 225 loss 3.430818796157837
batch_i 226 loss 3.439154863357544
batch_i 227 loss 3.4552643299102783
batch_i 228 loss 3.4842867851257324
batch_i 229 loss 3.4193196296691895
batch_i 230 loss 3.3683278560638428
batch_i 231 loss 3.4268078804016113
batch_i 232 loss 3.4199533462524414
batch_i 233 loss 3.3922107219696045
batch_i 234 loss 3.3716816902160645
batch_i 235 loss 3.4242970943450928
batch_i 236 loss 3.3171398639678955
batch_i 237 loss 3.401211738586426
batch_i 238 loss 3.391720771789551
batch_i 239 loss 3.4335861206054688
batch_i 240 loss 3.4026994705200195
batch_i 241 loss 3.226754903793335
batch_i 242 loss 3.3036625385284424
batch_i 243 loss 3.3103322982788086
batch_i 244 loss 3.290318012237549
batch_i 245 loss 3.2760329246520996
batch_i 246 loss 3.2767152786254883
batch_i 247 loss 3.3614983558654785
batch_i 248 loss 3.301201820373535
batch_i 249 loss 3.290417194366455
batch_i 250 loss 3.2695670127868652
batch_i 250 num_playouts 1300 win 8 lose 2 tie 0
batch_i 251 loss 3.391937017440796
batch_i 252 loss 3.29007625579834
batch_i 253 loss 3.2257423400878906
batch_i 254 loss 3.329620122909546
batch_i 255 loss 3.294132947921753
batch_i 256 loss 3.2572245597839355
batch_i 257 loss 3.3300468921661377
batch_i 258 loss 3.3541431427001953
batch_i 259 loss 3.221620559692383
batch_i 260 loss 3.189939260482788
batch_i 261 loss 3.166289806365967
batch_i 262 loss 3.1731936931610107
batch_i 263 loss 3.1598429679870605
batch_i 264 loss 3.2726056575775146
batch_i 265 loss 3.1130237579345703
batch_i 266 loss 3.1972029209136963
batch_i 267 loss 3.246812343597412
batch_i 268 loss 3.239254951477051
batch_i 269 loss 3.171755790710449
batch_i 270 loss 3.207732915878296
batch_i 271 loss 3.1929144859313965
batch_i 272 loss 3.0862276554107666
batch_i 273 loss 3.1500258445739746
batch_i 274 loss 3.1807847023010254
batch_i 275 loss 3.1760411262512207
batch_i 276 loss 3.096200942993164
batch_i 277 loss 3.1867520809173584
batch_i 278 loss 3.144850969314575
batch_i 279 loss 3.052251100540161
batch_i 280 loss 3.12939715385437
batch_i 281 loss 3.187203884124756
batch_i 282 loss 3.2198565006256104
batch_i 283 loss 3.2065188884735107
batch_i 284 loss 3.2150120735168457
batch_i 285 loss 3.261657953262329
batch_i 286 loss 3.360809326171875
batch_i 287 loss 3.251315116882324
batch_i 288 loss 3.238412380218506
batch_i 289 loss 3.240173101425171
batch_i 290 loss 3.2293787002563477
batch_i 291 loss 3.144218921661377
batch_i 292 loss 3.168341636657715
batch_i 293 loss 3.1291236877441406
batch_i 294 loss 3.1639418601989746
batch_i 295 loss 3.181274652481079
batch_i 296 loss 3.2098026275634766
batch_i 297 loss 3.2114224433898926
batch_i 298 loss 3.25282883644104
batch_i 299 loss 3.1541919708251953
batch_i 300 loss 3.2086431980133057
batch_i 300 num_playouts 1300 win 9 lose 1 tie 0
batch_i 301 loss 3.1200051307678223
batch_i 302 loss 3.1129987239837646
batch_i 303 loss 3.1824088096618652
batch_i 304 loss 3.324559211730957
batch_i 305 loss 3.1508705615997314
batch_i 306 loss 3.2064168453216553
batch_i 307 loss 3.212869882583618
batch_i 308 loss 3.154726028442383
batch_i 309 loss 3.2432665824890137
batch_i 310 loss 3.209981918334961
batch_i 311 loss 3.280987024307251
batch_i 312 loss 3.1746416091918945
batch_i 313 loss 3.2795727252960205
batch_i 314 loss 3.208200693130493
batch_i 315 loss 3.117462635040283
batch_i 316 loss 3.2285475730895996
batch_i 317 loss 3.136568069458008
batch_i 318 loss 3.1188395023345947
batch_i 319 loss 3.084083080291748
batch_i 320 loss 3.1226890087127686
batch_i 321 loss 2.9975333213806152
batch_i 322 loss 2.9947943687438965
batch_i 323 loss 3.07299542427063
batch_i 324 loss 3.088096857070923
batch_i 325 loss 3.0255165100097656
batch_i 326 loss 2.975233554840088
batch_i 327 loss 2.9130098819732666
batch_i 328 loss 2.9380221366882324
batch_i 329 loss 2.9041712284088135
batch_i 330 loss 2.982578754425049
batch_i 331 loss 2.982032299041748
batch_i 332 loss 3.011845588684082
batch_i 333 loss 2.953932046890259
batch_i 334 loss 2.919532299041748
batch_i 335 loss 2.936610460281372
batch_i 336 loss 2.935189962387085
batch_i 337 loss 2.8721354007720947
batch_i 338 loss 2.9610838890075684
batch_i 339 loss 2.892361879348755
batch_i 340 loss 2.9992711544036865
batch_i 341 loss 2.8976683616638184
batch_i 342 loss 2.904083490371704
batch_i 343 loss 2.969388723373413
batch_i 344 loss 2.9105100631713867
batch_i 345 loss 2.8069796562194824
batch_i 346 loss 2.853862762451172
batch_i 347 loss 2.794001340866089
batch_i 348 loss 2.8434977531433105
batch_i 349 loss 2.8690876960754395
batch_i 350 loss 2.818505048751831
batch_i 350 num_playouts 1000 win 9 lose 1 tie 0
batch_i 351 loss 2.8299503326416016
batch_i 352 loss 2.756565570831299
batch_i 353 loss 2.8381237983703613
batch_i 354 loss 2.717027187347412
batch_i 355 loss 2.801696538925171
batch_i 356 loss 2.7678985595703125
batch_i 357 loss 2.758594274520874
batch_i 358 loss 2.783191680908203
batch_i 359 loss 2.792111873626709
batch_i 360 loss 2.9121923446655273
batch_i 361 loss 2.8353843688964844
batch_i 362 loss 2.82055926322937
batch_i 363 loss 2.704545497894287
batch_i 364 loss 2.8497374057769775
batch_i 365 loss 2.8470311164855957
batch_i 366 loss 2.8950626850128174
batch_i 367 loss 2.9156925678253174
batch_i 368 loss 2.8080248832702637
batch_i 369 loss 2.8906655311584473
batch_i 370 loss 2.833200693130493
batch_i 371 loss 2.7861523628234863
batch_i 372 loss 2.9006032943725586
batch_i 373 loss 2.808276414871216
batch_i 374 loss 2.727405071258545
batch_i 375 loss 2.795145273208618
batch_i 376 loss 2.8838953971862793
batch_i 377 loss 2.7085471153259277
batch_i 378 loss 2.8157920837402344
batch_i 379 loss 2.872720241546631
batch_i 380 loss 2.7052969932556152
batch_i 381 loss 2.9053144454956055
batch_i 382 loss 2.8508338928222656
batch_i 383 loss 2.814296245574951
batch_i 384 loss 2.9090137481689453
batch_i 385 loss 2.891420364379883
batch_i 386 loss 2.793123960494995
batch_i 387 loss 2.864335775375366
batch_i 388 loss 2.9324522018432617
batch_i 389 loss 2.877041816711426
batch_i 390 loss 2.9399449825286865
batch_i 391 loss 3.0344014167785645
batch_i 392 loss 2.884032726287842
batch_i 393 loss 2.9576640129089355
batch_i 394 loss 3.076526403427124
batch_i 395 loss 2.911134958267212
batch_i 396 loss 2.909487247467041
batch_i 397 loss 2.8859410285949707
batch_i 398 loss 2.8556182384490967
batch_i 399 loss 2.8273255825042725
batch_i 400 loss 2.809084892272949
batch_i 400 num_playouts 1000 win 9 lose 1 tie 0
batch_i 401 loss 2.9170446395874023
batch_i 402 loss 2.8569576740264893
batch_i 403 loss 2.8482511043548584
batch_i 404 loss 2.854543685913086
batch_i 405 loss 2.839806318283081
batch_i 406 loss 2.968717098236084
batch_i 407 loss 2.8368053436279297
batch_i 408 loss 2.761092185974121
batch_i 409 loss 2.9700284004211426
batch_i 410 loss 2.960561990737915
batch_i 411 loss 2.9549927711486816
batch_i 412 loss 2.974879741668701
batch_i 413 loss 2.9140429496765137
batch_i 414 loss 2.915005922317505
batch_i 415 loss 2.8521981239318848
batch_i 416 loss 2.845278739929199
batch_i 417 loss 2.931502103805542
batch_i 418 loss 2.875025987625122
batch_i 419 loss 2.915571451187134
batch_i 420 loss 2.8904359340667725
batch_i 421 loss 2.846430778503418
batch_i 422 loss 2.9214375019073486
batch_i 423 loss 2.7940025329589844
batch_i 424 loss 2.8791663646698
batch_i 425 loss 2.767685890197754
batch_i 426 loss 2.9042046070098877
batch_i 427 loss 2.886615037918091
batch_i 428 loss 2.8126378059387207
batch_i 429 loss 2.7115323543548584
batch_i 430 loss 2.818161725997925
batch_i 431 loss 2.7799339294433594
batch_i 432 loss 2.7762486934661865
batch_i 433 loss 2.7737245559692383
batch_i 434 loss 2.79376482963562
batch_i 435 loss 2.802497625350952
batch_i 436 loss 2.787980079650879
batch_i 437 loss 2.803239583969116
batch_i 438 loss 2.827889919281006
batch_i 439 loss 2.7976720333099365
batch_i 440 loss 2.7588114738464355
batch_i 441 loss 2.75602388381958
batch_i 442 loss 2.741818904876709
batch_i 443 loss 2.7966082096099854
batch_i 444 loss 2.7099716663360596
batch_i 445 loss 2.827057123184204
batch_i 446 loss 2.7593724727630615
batch_i 447 loss 2.7311620712280273
batch_i 448 loss 2.755392074584961
batch_i 449 loss 2.7202517986297607
batch_i 450 loss 2.706167697906494
batch_i 450 num_playouts 1000 win 9 lose 1 tie 0
batch_i 451 loss 2.7676146030426025
batch_i 452 loss 2.7933316230773926
batch_i 453 loss 2.8296375274658203
batch_i 454 loss 2.836271286010742
batch_i 455 loss 2.8435258865356445
batch_i 456 loss 2.692136764526367
batch_i 457 loss 2.751166820526123
batch_i 458 loss 2.699204921722412
batch_i 459 loss 2.74556565284729
batch_i 460 loss 2.8086204528808594
batch_i 461 loss 2.769082546234131
batch_i 462 loss 2.6735289096832275
batch_i 463 loss 2.752730131149292
batch_i 464 loss 2.7771449089050293
batch_i 465 loss 2.769679069519043
batch_i 466 loss 2.8565752506256104
batch_i 467 loss 2.7494723796844482
batch_i 468 loss 2.75231671333313
batch_i 469 loss 2.6883652210235596
batch_i 470 loss 2.817030906677246
batch_i 471 loss 2.70021915435791
batch_i 472 loss 2.700596809387207
batch_i 473 loss 2.7724297046661377
batch_i 474 loss 2.696864128112793
batch_i 475 loss 2.6656088829040527
batch_i 476 loss 2.820150136947632
batch_i 477 loss 2.714920997619629
batch_i 478 loss 2.6166300773620605
batch_i 479 loss 2.6768949031829834
batch_i 480 loss 2.662959098815918
batch_i 481 loss 2.6887502670288086
batch_i 482 loss 2.697474718093872
batch_i 483 loss 2.6441309452056885
batch_i 484 loss 2.5878541469573975
batch_i 485 loss 2.622178554534912
batch_i 486 loss 2.613804340362549
batch_i 487 loss 2.6969950199127197
batch_i 488 loss 2.594143867492676
batch_i 489 loss 2.70253849029541
batch_i 490 loss 2.6627135276794434
batch_i 491 loss 2.6267356872558594
batch_i 492 loss 2.5995728969573975
batch_i 493 loss 2.600538969039917
batch_i 494 loss 2.5317821502685547
batch_i 495 loss 2.598665714263916
batch_i 496 loss 2.5316410064697266
batch_i 497 loss 2.6473984718322754
batch_i 498 loss 2.765166997909546
batch_i 499 loss 2.6934118270874023
batch_i 500 loss 2.459599494934082
batch_i 500 num_playouts 1000 win 10 lose 0 tie 0
batch_i 501 loss 2.6339876651763916
batch_i 502 loss 2.663041830062866
batch_i 503 loss 2.6804139614105225
batch_i 504 loss 2.6979711055755615
batch_i 505 loss 2.6917223930358887
batch_i 506 loss 2.618514060974121
batch_i 507 loss 2.5825936794281006
batch_i 508 loss 2.5864508152008057
batch_i 509 loss 2.714092969894409
batch_i 510 loss 2.643855094909668
batch_i 511 loss 2.6679205894470215
batch_i 512 loss 2.7591323852539062
batch_i 513 loss 2.6564574241638184
batch_i 514 loss 2.698923349380493
batch_i 515 loss 2.7383320331573486
batch_i 516 loss 2.6034390926361084
batch_i 517 loss 2.644956588745117
batch_i 518 loss 2.7143561840057373
batch_i 519 loss 2.751239538192749
batch_i 520 loss 2.6838321685791016
batch_i 521 loss 2.722630500793457
batch_i 522 loss 2.588163375854492
batch_i 523 loss 2.5902421474456787
batch_i 524 loss 2.790367841720581
batch_i 525 loss 2.6965222358703613
batch_i 526 loss 2.689894437789917
batch_i 527 loss 2.663943290710449
batch_i 528 loss 2.7577507495880127
batch_i 529 loss 2.720585823059082
batch_i 530 loss 2.666233539581299
batch_i 531 loss 2.6364586353302
batch_i 532 loss 2.6454739570617676
batch_i 533 loss 2.644552707672119
batch_i 534 loss 2.688929796218872
batch_i 535 loss 2.5703649520874023
batch_i 536 loss 2.622035026550293
batch_i 537 loss 2.64380145072937
batch_i 538 loss 2.5654220581054688
batch_i 539 loss 2.6069514751434326
batch_i 540 loss 2.628093719482422
batch_i 541 loss 2.5458507537841797
batch_i 542 loss 2.681197166442871
batch_i 543 loss 2.669796943664551
batch_i 544 loss 2.5376832485198975
batch_i 545 loss 2.489292860031128
batch_i 546 loss 2.6155755519866943
batch_i 547 loss 2.521266222000122
batch_i 548 loss 2.672315835952759
batch_i 549 loss 2.5511250495910645
batch_i 550 loss 2.5403454303741455
batch_i 550 num_playouts 1000 win 10 lose 0 tie 0
batch_i 551 loss 2.5169432163238525
batch_i 552 loss 2.5654759407043457
batch_i 553 loss 2.571714162826538
batch_i 554 loss 2.4957823753356934
batch_i 555 loss 2.5603127479553223
batch_i 556 loss 2.652988910675049
batch_i 557 loss 2.709721803665161
batch_i 558 loss 2.5939221382141113
batch_i 559 loss 2.779615879058838
batch_i 560 loss 2.759692668914795
batch_i 561 loss 2.8000121116638184
batch_i 562 loss 2.5767710208892822
batch_i 563 loss 2.7631988525390625
batch_i 564 loss 2.659848213195801
batch_i 565 loss 2.593043804168701
batch_i 566 loss 2.676065444946289
batch_i 567 loss 2.7443721294403076
batch_i 568 loss 2.655769109725952
batch_i 569 loss 2.6140992641448975
batch_i 570 loss 2.6985514163970947
batch_i 571 loss 2.622070789337158
batch_i 572 loss 2.510377883911133
batch_i 573 loss 2.728891372680664
batch_i 574 loss 2.612450361251831
batch_i 575 loss 2.6528730392456055
batch_i 576 loss 2.6302289962768555
batch_i 577 loss 2.7473533153533936
batch_i 578 loss 2.5841896533966064
batch_i 579 loss 2.604675769805908
batch_i 580 loss 2.69150710105896
batch_i 581 loss 2.6575331687927246
batch_i 582 loss 2.688671827316284
batch_i 583 loss 2.6337594985961914
batch_i 584 loss 2.618934154510498
batch_i 585 loss 2.633967638015747
batch_i 586 loss 2.6126596927642822
batch_i 587 loss 2.617079019546509
batch_i 588 loss 2.5921902656555176
batch_i 589 loss 2.603316068649292
batch_i 590 loss 2.670870542526245
batch_i 591 loss 2.785891056060791
batch_i 592 loss 2.658233642578125
batch_i 593 loss 2.6193439960479736
batch_i 594 loss 2.5254175662994385
batch_i 595 loss 2.7272789478302
batch_i 596 loss 2.6225528717041016
batch_i 597 loss 2.583249092102051
batch_i 598 loss 2.6828529834747314
batch_i 599 loss 2.6933345794677734
batch_i 600 loss 2.708301305770874
batch_i 600 num_playouts 2000 win 10 lose 0 tie 0
batch_i 601 loss 2.7115044593811035
batch_i 602 loss 2.729780435562134
batch_i 603 loss 2.7183175086975098
batch_i 604 loss 2.6798973083496094
batch_i 605 loss 2.711374282836914
batch_i 606 loss 2.7762441635131836
batch_i 607 loss 2.72645902633667
batch_i 608 loss 2.620016098022461
batch_i 609 loss 2.5855846405029297
batch_i 610 loss 2.645591974258423
batch_i 611 loss 2.72286319732666
batch_i 612 loss 2.8413960933685303
batch_i 613 loss 2.6862852573394775
batch_i 614 loss 2.660337448120117
batch_i 615 loss 2.750304937362671
batch_i 616 loss 2.7541260719299316
batch_i 617 loss 2.635464668273926
batch_i 618 loss 2.703958034515381
batch_i 619 loss 2.6758270263671875
batch_i 620 loss 2.6345767974853516
batch_i 621 loss 2.7974438667297363
batch_i 622 loss 2.7151496410369873
batch_i 623 loss 2.731096029281616
batch_i 624 loss 2.712512493133545
batch_i 625 loss 2.8828232288360596
batch_i 626 loss 2.756509780883789
batch_i 627 loss 2.8135695457458496
batch_i 628 loss 2.7630276679992676
batch_i 629 loss 2.7673792839050293
batch_i 630 loss 2.8085296154022217
batch_i 631 loss 2.831364631652832
batch_i 632 loss 2.7849819660186768
batch_i 633 loss 2.745575428009033
batch_i 634 loss 2.679948091506958
batch_i 635 loss 2.771541118621826
batch_i 636 loss 2.6828715801239014
batch_i 637 loss 2.7712643146514893
batch_i 638 loss 2.8471920490264893
batch_i 639 loss 2.7309155464172363
batch_i 640 loss 2.6660232543945312
batch_i 641 loss 2.890134811401367
batch_i 642 loss 2.7153804302215576
batch_i 643 loss 2.680311441421509
batch_i 644 loss 2.6836307048797607
batch_i 645 loss 2.8096415996551514
batch_i 646 loss 2.7553470134735107
batch_i 647 loss 2.7739834785461426
batch_i 648 loss 2.8636012077331543
batch_i 649 loss 2.770646572113037
batch_i 650 loss 2.701427936553955
