batch_i 2 loss 5.375340938568115
batch_i 3 loss 5.221084117889404
batch_i 4 loss 5.206807613372803
batch_i 5 loss 5.409542083740234
batch_i 6 loss 4.896851539611816
batch_i 7 loss 4.983978748321533
batch_i 8 loss 5.11090087890625
batch_i 9 loss 4.992302417755127
batch_i 10 loss 4.978379249572754
batch_i 11 loss 4.842290878295898
batch_i 12 loss 4.766842365264893
batch_i 13 loss 4.570875644683838
batch_i 14 loss 4.7196197509765625
batch_i 15 loss 4.536904335021973
batch_i 16 loss 4.485603332519531
batch_i 17 loss 4.42873477935791
batch_i 18 loss 4.294183731079102
batch_i 19 loss 4.462878704071045
batch_i 20 loss 4.340902328491211
batch_i 21 loss 4.390044689178467
batch_i 22 loss 4.252490997314453
batch_i 23 loss 4.24338436126709
batch_i 24 loss 4.225877285003662
batch_i 25 loss 4.158560752868652
batch_i 26 loss 4.178525447845459
batch_i 27 loss 4.1941022872924805
batch_i 28 loss 4.236597537994385
batch_i 29 loss 4.297119140625
batch_i 30 loss 4.316720962524414
batch_i 31 loss 4.251797199249268
batch_i 32 loss 4.325999736785889
batch_i 33 loss 4.296693325042725
batch_i 34 loss 4.312989234924316
batch_i 35 loss 4.246131896972656
batch_i 36 loss 4.1815924644470215
batch_i 37 loss 4.1907830238342285
batch_i 38 loss 4.16084623336792
batch_i 39 loss 4.092414379119873
batch_i 40 loss 4.007234573364258
batch_i 41 loss 4.008062362670898
batch_i 42 loss 4.055484294891357
batch_i 43 loss 4.062193870544434
batch_i 44 loss 3.98590350151062
batch_i 45 loss 4.074436187744141
batch_i 46 loss 4.004343509674072
batch_i 47 loss 4.089858055114746
batch_i 48 loss 3.9776880741119385
batch_i 49 loss 4.054549217224121
batch_i 50 loss 3.981102228164673
batch_i 50 num_playouts 300 win 4 lose 6 tie 0
batch_i 51 loss 3.937811851501465
batch_i 52 loss 3.9788906574249268
batch_i 53 loss 3.9477758407592773
batch_i 54 loss 3.9474239349365234
batch_i 55 loss 3.9004459381103516
batch_i 56 loss 3.8677761554718018
batch_i 57 loss 3.841761350631714
batch_i 58 loss 3.8893420696258545
batch_i 59 loss 3.9751923084259033
batch_i 60 loss 4.052370071411133
batch_i 61 loss 3.931331157684326
batch_i 62 loss 3.984096050262451
batch_i 63 loss 3.945343494415283
batch_i 64 loss 4.009625434875488
batch_i 65 loss 3.9281575679779053
batch_i 66 loss 3.874857187271118
batch_i 67 loss 4.002138614654541
batch_i 68 loss 3.925314426422119
batch_i 69 loss 4.005073547363281
batch_i 70 loss 3.9590680599212646
batch_i 71 loss 3.872325897216797
batch_i 72 loss 3.9226508140563965
batch_i 73 loss 3.904766082763672
batch_i 74 loss 3.975562810897827
batch_i 75 loss 3.8308115005493164
batch_i 76 loss 4.0022501945495605
batch_i 77 loss 3.9241764545440674
batch_i 78 loss 3.8701236248016357
batch_i 79 loss 3.8250136375427246
batch_i 80 loss 4.011401176452637
batch_i 81 loss 3.896397590637207
batch_i 82 loss 3.869429111480713
batch_i 83 loss 3.8479394912719727
batch_i 84 loss 3.816739082336426
batch_i 85 loss 3.747032642364502
batch_i 86 loss 3.7780356407165527
batch_i 87 loss 3.8010005950927734
batch_i 88 loss 3.7943663597106934
batch_i 89 loss 3.8418521881103516
batch_i 90 loss 3.6640255451202393
batch_i 91 loss 3.7559759616851807
batch_i 92 loss 3.68938946723938
batch_i 93 loss 3.6993818283081055
batch_i 94 loss 3.6897313594818115
batch_i 95 loss 3.703558921813965
batch_i 96 loss 3.7134227752685547
batch_i 97 loss 3.5782828330993652
batch_i 98 loss 3.730522632598877
batch_i 99 loss 3.7424042224884033
batch_i 100 loss 3.573643207550049
batch_i 100 num_playouts 300 win 7 lose 3 tie 0
batch_i 101 loss 3.638947010040283
batch_i 102 loss 3.590710163116455
batch_i 103 loss 3.669219970703125
batch_i 104 loss 3.567469835281372
batch_i 105 loss 3.6484334468841553
batch_i 106 loss 3.647484302520752
batch_i 107 loss 3.6157987117767334
batch_i 108 loss 3.5606167316436768
batch_i 109 loss 3.523313045501709
batch_i 110 loss 3.5567362308502197
batch_i 111 loss 3.6041440963745117
batch_i 112 loss 3.502678871154785
batch_i 113 loss 3.543166160583496
batch_i 114 loss 3.483022928237915
batch_i 115 loss 3.522382974624634
batch_i 116 loss 3.535214424133301
batch_i 117 loss 3.5522289276123047
batch_i 118 loss 3.709364414215088
batch_i 119 loss 3.616457223892212
batch_i 120 loss 3.508796215057373
batch_i 121 loss 3.575066566467285
batch_i 122 loss 3.500903844833374
batch_i 123 loss 3.53228759765625
batch_i 124 loss 3.4660778045654297
batch_i 125 loss 3.4841883182525635
batch_i 126 loss 3.5050415992736816
batch_i 127 loss 3.5186727046966553
batch_i 128 loss 3.49206805229187
batch_i 129 loss 3.5949857234954834
batch_i 130 loss 3.533668279647827
batch_i 131 loss 3.5555057525634766
batch_i 132 loss 3.5895988941192627
batch_i 133 loss 3.590296745300293
batch_i 134 loss 3.586193084716797
batch_i 135 loss 3.6167874336242676
batch_i 136 loss 3.535223960876465
batch_i 137 loss 3.588102102279663
batch_i 138 loss 3.574488401412964
batch_i 139 loss 3.6472883224487305
batch_i 140 loss 3.614199638366699
batch_i 141 loss 3.555969476699829
batch_i 142 loss 3.579061269760132
batch_i 143 loss 3.6265270709991455
batch_i 144 loss 3.53786563873291
batch_i 145 loss 3.5992541313171387
batch_i 146 loss 3.554274559020996
batch_i 147 loss 3.6594161987304688
batch_i 148 loss 3.515162467956543
batch_i 149 loss 3.5607306957244873
batch_i 150 loss 3.548450231552124
batch_i 150 num_playouts 300 win 6 lose 4 tie 0
batch_i 151 loss 3.5333101749420166
batch_i 152 loss 3.7251172065734863
batch_i 153 loss 3.592978000640869
batch_i 154 loss 3.562622547149658
batch_i 155 loss 3.5396907329559326
batch_i 156 loss 3.6729345321655273
batch_i 157 loss 3.493037223815918
batch_i 158 loss 3.5816314220428467
batch_i 159 loss 3.5706725120544434
batch_i 160 loss 3.573253870010376
batch_i 161 loss 3.4841384887695312
batch_i 162 loss 3.6315579414367676
batch_i 163 loss 3.662942409515381
batch_i 164 loss 3.561797618865967
batch_i 165 loss 3.543118476867676
batch_i 166 loss 3.50311017036438
batch_i 167 loss 3.596714496612549
batch_i 168 loss 3.643026828765869
batch_i 169 loss 3.685600519180298
batch_i 170 loss 3.523547649383545
batch_i 171 loss 3.516075849533081
batch_i 172 loss 3.5922443866729736
batch_i 173 loss 3.54166841506958
batch_i 174 loss 3.5757994651794434
batch_i 175 loss 3.5820491313934326
batch_i 176 loss 3.4786128997802734
batch_i 177 loss 3.543031930923462
batch_i 178 loss 3.5221705436706543
batch_i 179 loss 3.48897647857666
batch_i 180 loss 3.395576238632202
batch_i 181 loss 3.51920485496521
batch_i 182 loss 3.557664632797241
batch_i 183 loss 3.4562270641326904
batch_i 184 loss 3.575070858001709
batch_i 185 loss 3.5125300884246826
batch_i 186 loss 3.4876084327697754
batch_i 187 loss 3.5464048385620117
batch_i 188 loss 3.494925022125244
batch_i 189 loss 3.560490131378174
batch_i 190 loss 3.535416841506958
batch_i 191 loss 3.4510717391967773
batch_i 192 loss 3.502958059310913
batch_i 193 loss 3.5686488151550293
batch_i 194 loss 3.560046672821045
batch_i 195 loss 3.5398597717285156
batch_i 196 loss 3.5938267707824707
batch_i 197 loss 3.496830940246582
batch_i 198 loss 3.559203863143921
batch_i 199 loss 3.5928988456726074
batch_i 200 loss 3.554839849472046
batch_i 200 num_playouts 300 win 10 lose 0 tie 0
batch_i 201 loss 3.5557405948638916
batch_i 202 loss 3.522052764892578
batch_i 203 loss 3.561403512954712
batch_i 204 loss 3.488401412963867
batch_i 205 loss 3.4596879482269287
batch_i 206 loss 3.3956351280212402
batch_i 207 loss 3.4892351627349854
batch_i 208 loss 3.4287185668945312
batch_i 209 loss 3.3578386306762695
batch_i 210 loss 3.4178051948547363
batch_i 211 loss 3.3548803329467773
batch_i 212 loss 3.432976245880127
batch_i 213 loss 3.481889247894287
batch_i 214 loss 3.459857702255249
batch_i 215 loss 3.541553497314453
batch_i 216 loss 3.4988272190093994
batch_i 217 loss 3.5369157791137695
batch_i 218 loss 3.3704609870910645
batch_i 219 loss 3.4155189990997314
batch_i 220 loss 3.427067756652832
batch_i 221 loss 3.4035909175872803
batch_i 222 loss 3.423050880432129
batch_i 223 loss 3.429795980453491
batch_i 224 loss 3.3781521320343018
batch_i 225 loss 3.430818796157837
batch_i 226 loss 3.439154863357544
batch_i 227 loss 3.4552643299102783
batch_i 228 loss 3.4842867851257324
batch_i 229 loss 3.4193196296691895
batch_i 230 loss 3.3683278560638428
batch_i 231 loss 3.4268078804016113
batch_i 232 loss 3.4199533462524414
batch_i 233 loss 3.3922107219696045
batch_i 234 loss 3.3716816902160645
batch_i 235 loss 3.4242970943450928
batch_i 236 loss 3.3171398639678955
batch_i 237 loss 3.401211738586426
batch_i 238 loss 3.391720771789551
batch_i 239 loss 3.4335861206054688
batch_i 240 loss 3.4026994705200195
batch_i 241 loss 3.226754903793335
batch_i 242 loss 3.3036625385284424
batch_i 243 loss 3.3103322982788086
batch_i 244 loss 3.290318012237549
batch_i 245 loss 3.2760329246520996
batch_i 246 loss 3.2767152786254883
batch_i 247 loss 3.3614983558654785
batch_i 248 loss 3.301201820373535
batch_i 249 loss 3.290417194366455
batch_i 250 loss 3.2695670127868652
batch_i 250 num_playouts 1300 win 8 lose 2 tie 0
batch_i 251 loss 3.391937017440796
batch_i 252 loss 3.29007625579834
batch_i 253 loss 3.2257423400878906
batch_i 254 loss 3.329620122909546
batch_i 255 loss 3.294132947921753
batch_i 256 loss 3.2572245597839355
batch_i 257 loss 3.3300468921661377
batch_i 258 loss 3.3541431427001953
batch_i 259 loss 3.221620559692383
batch_i 260 loss 3.189939260482788
batch_i 261 loss 3.166289806365967
batch_i 262 loss 3.1731936931610107
batch_i 263 loss 3.1598429679870605
batch_i 264 loss 3.2726056575775146
batch_i 265 loss 3.1130237579345703
batch_i 266 loss 3.1972029209136963
batch_i 267 loss 3.246812343597412
batch_i 268 loss 3.239254951477051
batch_i 269 loss 3.171755790710449
batch_i 270 loss 3.207732915878296
batch_i 271 loss 3.1929144859313965
batch_i 272 loss 3.0862276554107666
batch_i 273 loss 3.1500258445739746
batch_i 274 loss 3.1807847023010254
batch_i 275 loss 3.1760411262512207
batch_i 276 loss 3.096200942993164
batch_i 277 loss 3.1867520809173584
batch_i 278 loss 3.144850969314575
batch_i 279 loss 3.052251100540161
batch_i 280 loss 3.12939715385437
batch_i 281 loss 3.187203884124756
batch_i 282 loss 3.2198565006256104
batch_i 283 loss 3.2065188884735107
batch_i 284 loss 3.2150120735168457
batch_i 285 loss 3.261657953262329
batch_i 286 loss 3.360809326171875
batch_i 287 loss 3.251315116882324
batch_i 288 loss 3.238412380218506
batch_i 289 loss 3.240173101425171
batch_i 290 loss 3.2293787002563477
batch_i 291 loss 3.144218921661377
batch_i 292 loss 3.168341636657715
batch_i 293 loss 3.1291236877441406
batch_i 294 loss 3.1639418601989746
batch_i 295 loss 3.181274652481079
batch_i 296 loss 3.2098026275634766
batch_i 297 loss 3.2114224433898926
batch_i 298 loss 3.25282883644104
batch_i 299 loss 3.1541919708251953
batch_i 300 loss 3.2086431980133057
batch_i 300 num_playouts 1300 win 9 lose 1 tie 0
batch_i 301 loss 3.1200051307678223
batch_i 302 loss 3.1129987239837646
batch_i 303 loss 3.1824088096618652
batch_i 304 loss 3.324559211730957
batch_i 305 loss 3.1508705615997314
batch_i 306 loss 3.2064168453216553
batch_i 307 loss 3.212869882583618
batch_i 308 loss 3.154726028442383
batch_i 309 loss 3.2432665824890137
